0.032   q_init quic.c:498 quant/socket 0.0.16/dd567715 with libev 4.22 ready
        q_init quic.c:499 submit bug reports at https://github.com/NTAP/quant/issues
0.034   q_init quic.c:521 debug build, storing fuzzer corpus data
        q_bind quic.c:368 binding serv socket on port 4443
        init_rec recovery.c:527 in_flight=0, cwnd=12000, ssthresh=0, srtt=0.000000, rttvar=0.000000
        new_conn conn.c:1265 serv conn ? on port 4443 created
        new_conn conn.c:1267 conn ? state conn_clsd -> conn_idle
        q_bind quic.c:370 bound serv socket on port 4443
        main server.c:239 server waiting on lo port 4443
5.446   rx_pkts conn.c:885 new serv conn on port 4443 from 127.0.0.1:4988 w/cid=0:000000000000000b
        init_rec recovery.c:527 in_flight=0, cwnd=12000, ssthresh=0, srtt=0.000000, rttvar=0.000000
        new_conn conn.c:1265 serv conn 0:000000000000000b on port 4443 created
        new_conn conn.c:1267 conn 0:000000000000000b state conn_clsd -> conn_idle
5.446   log_pkt pkt.c:116 RX len=1216 0xff=Initial vers=0xff00000f dcid=000000000000000b scid=000000000000000d tok=41 len=1206 nr=0
        rx_pkt conn.c:642 supporting clnt-requested vers 0xff00000f
        log_stream_or_crypto_frame frame.c:116 CRYPTO 0x18 off=0 len=243 [seq]
        dec_frames frame.c:891 PADDING len=938
        rx_pkt conn.c:668 conn 0:000000000000000b state conn_idle -> conn_opng
        update_act_scid conn.c:465 hshk switch to scid 0:0d517f54543dc597 for serv conn (was 0:000000000000000b)
        on_ch tls.c:310 	SNI = 
        on_ch tls.c:313 	ALPN = 
        chk_tp tls.c:473 	initial_max_stream_data_bidi_local = 8192
        chk_tp tls.c:485 	initial_max_data = 16384
        chk_tp tls.c:502 	idle_timeout = 60
        chk_tp tls.c:480 	initial_max_stream_data_bidi_remote = 8192
        chk_tp tls.c:467 	initial_max_stream_data_uni = 8192
5.449   rx_crypto conn.c:545 conn 0:0d517f54543dc597 state conn_opng -> conn_estb
        tx conn.c:420 data TX on serv conn 0:0d517f54543dc597 strm -4 w/1 pkt in queue
        enc_pkt pkt.c:386 hshk switch to scid 0:85c0f3a0138f35ea for serv conn (was 0:0d517f54543dc597)
        update_act_scid conn.c:465 hshk switch to scid 0:85c0f3a0138f35ea for serv conn (was 0:0d517f54543dc597)
5.449   log_pkt pkt.c:169 TX 0xff=Initial vers=0xff00000f dcid=000000000000000d scid=85c0f3a0138f35ea tok=b1a76dd22e647593c3d9f3439abba2086ca4700da3f1fc92f99d72e774ea05f30d517f54543dc597 len=0 nr=0
        enc_ack_frame frame.c:1167 ACK lg=0 delay=0 (0 usec) cnt=0 block=0 [0]
        enc_padding_frame frame.c:1095 PADDING len=97
        log_stream_or_crypto_frame frame.c:116 CRYPTO 0x18 off=0 len=155 
        on_pkt_sent recovery.c:285 in_flight=299, cwnd=12000, ssthresh=0, srtt=0.000000, rttvar=0.000000
        log_sent_pkts conn.c:227 epoch 0 unacked: *0 
        tx conn.c:420 data TX on serv conn 0:85c0f3a0138f35ea strm -2 w/2 pkts in queue
5.449   log_pkt pkt.c:179 TX 0xfd=Handshake vers=0xff00000f dcid=000000000000000d scid=85c0f3a0138f35ea len=0 nr=0
        enc_padding_frame frame.c:1095 PADDING len=103
        log_stream_or_crypto_frame frame.c:116 CRYPTO 0x18 off=0 len=1108 
        on_pkt_sent recovery.c:285 in_flight=1551, cwnd=12000, ssthresh=0, srtt=0.000000, rttvar=0.000000
5.449   log_pkt pkt.c:179 TX 0xfd=Handshake vers=0xff00000f dcid=000000000000000d scid=85c0f3a0138f35ea len=0 nr=1
        enc_padding_frame frame.c:1095 PADDING len=103
        log_stream_or_crypto_frame frame.c:116 CRYPTO 0x18 off=1108 len=292 
        on_pkt_sent recovery.c:285 in_flight=1987, cwnd=12000, ssthresh=0, srtt=0.000000, rttvar=0.000000
        log_sent_pkts conn.c:227 epoch 0 unacked: *0 
        log_sent_pkts conn.c:227 epoch 2 unacked: *0 *1 
        coalesce pkt.c:218 coalescing 0xfd len 436 behind 0xff len 299
5.628   log_pkt pkt.c:126 RX len=99 0xfd=Handshake vers=0xff00000f dcid=85c0f3a0138f35ea scid=000000000000000d len=91 nr=0
        log_stream_or_crypto_frame frame.c:116 CRYPTO 0x18 off=0 len=52 [seq]
        dec_frames frame.c:891 PADDING len=15
5.646   on_ld_alarm recovery.c:201 handshake RTX #1 on serv conn 0:85c0f3a0138f35ea
        detect_lost_pkts recovery.c:155 pkt 0 considered lost
        detect_lost_pkts recovery.c:162 in_flight=1688, cwnd=12000, ssthresh=0, srtt=0.000000, rttvar=0.000000
        detect_lost_pkts recovery.c:155 pkt 0 considered lost
        detect_lost_pkts recovery.c:162 in_flight=436, cwnd=12000, ssthresh=0, srtt=0.000000, rttvar=0.000000
        detect_lost_pkts recovery.c:155 pkt 1 considered lost
        detect_lost_pkts recovery.c:162 in_flight=0, cwnd=12000, ssthresh=0, srtt=0.000000, rttvar=0.000000
        detect_lost_pkts recovery.c:185 in_flight=0, cwnd=6000, ssthresh=6000, srtt=0.000000, rttvar=0.000000
        tx conn.c:420 data TX on serv conn 0:85c0f3a0138f35ea strm -4 w/1 pkt in queue
5.646   log_pkt pkt.c:169 TX 0xff=Initial vers=0xff00000f dcid=000000000000000d scid=85c0f3a0138f35ea tok=b1a76dd22e647593c3d9f3439abba2086ca4700da3f1fc92f99d72e774ea05f30d517f54543dc597 len=274 nr=1
        enc_ack_frame frame.c:1167 ACK lg=0 delay=25038 (200304 usec) cnt=0 block=0 [0]
        enc_padding_frame frame.c:1095 PADDING len=90
        log_stream_or_crypto_frame frame.c:116 CRYPTO 0x18 off=0 len=155 [RTX] 
        on_pkt_sent recovery.c:285 in_flight=299, cwnd=6000, ssthresh=6000, srtt=0.000000, rttvar=0.000000
        log_sent_pkts conn.c:227 epoch 0 unacked: *0 *1 
        log_sent_pkts conn.c:227 epoch 2 unacked: *0 *1 
        tx conn.c:420 data TX on serv conn 0:85c0f3a0138f35ea strm -2 w/2 pkts in queue
5.647   log_pkt pkt.c:179 TX 0xfd=Handshake vers=0xff00000f dcid=000000000000000d scid=85c0f3a0138f35ea len=1228 nr=2
        enc_ack_frame frame.c:1167 ACK lg=0 delay=2310 (18480 usec) cnt=0 block=0 [0]
        enc_padding_frame frame.c:1095 PADDING len=93
        log_stream_or_crypto_frame frame.c:116 CRYPTO 0x18 off=0 len=1108 [RTX] 
        on_pkt_sent recovery.c:285 in_flight=1551, cwnd=6000, ssthresh=6000, srtt=0.000000, rttvar=0.000000
5.647   log_pkt pkt.c:179 TX 0xfd=Handshake vers=0xff00000f dcid=000000000000000d scid=85c0f3a0138f35ea len=412 nr=3
        enc_ack_frame frame.c:1167 ACK lg=0 delay=2310 (18480 usec) cnt=0 block=0 [0]
        enc_padding_frame frame.c:1095 PADDING len=92
        log_stream_or_crypto_frame frame.c:116 CRYPTO 0x18 off=1108 len=292 [RTX] 
        on_pkt_sent recovery.c:285 in_flight=1987, cwnd=6000, ssthresh=6000, srtt=0.000000, rttvar=0.000000
        log_sent_pkts conn.c:227 epoch 0 unacked: *0 *1 
        log_sent_pkts conn.c:227 epoch 2 unacked: *0 *1 *2 *3 
5.647   log_pkt pkt.c:187 TX 0x31=Short kyph=0 dcid=000000000000000d nr=0
        enc_new_token_frame frame.c:1494 NEW_TOKEN len=40 tok=b1a76dd22e647593c3d9f3439abba2086ca4700da3f1fc92f99d72e774ea05f30d517f54543dc597
        enc_new_cid_frame frame.c:1473 NEW_CONNECTION_ID seq=1 len=8 cid=1:8a16169124121401 tok=fb8628610ea262e091c90b89a78fe165
        on_pkt_sent recovery.c:285 in_flight=2082, cwnd=6000, ssthresh=6000, srtt=0.000000, rttvar=0.000000
        coalesce pkt.c:218 coalescing 0xfd len 436 behind 0xff len 299
        coalesce pkt.c:218 coalescing 0x31 len 95 behind 0xfd len 735
5.928   log_pkt pkt.c:134 RX len=78 0x35=Short kyph=0 dcid=85c0f3a0138f35ea nr=0
        new_stream stream.c:101 conn 0:85c0f3a0138f35ea strm 4 (bidir, clnt) state strm_idle -> strm_open
        log_stream_or_crypto_frame frame.c:111 STREAM 0x16=LEN|OFF id=4/4 off=0/16384 len=7 coff=7/32768 [seq]
        dec_ack_frame frame.c:388 ACK lg=0 delay=0 (0 usec) cnt=0 block=0 [0]
        update_rtt recovery.c:319 in_flight=2082, cwnd=6000, ssthresh=6000, srtt=0.281837, rttvar=0.140919
        dec_frames frame.c:903 addtl stream or crypto frame at pos 29, copy
        log_stream_or_crypto_frame frame.c:111 STREAM 0x16=LEN|OFF id=4/4 off=7/16384 len=8 coff=15/32768 [seq]
        dec_frames frame.c:903 addtl stream or crypto frame at pos 41, copy
        log_stream_or_crypto_frame frame.c:111 STREAM 0x16=LEN|OFF id=4/4 off=15/16384 len=17 coff=32/32768 [seq]
        dec_frames frame.c:891 PADDING len=15
        rx conn.c:1023 q_rx_ready(0, 0) done, exiting event loop
        q_rx_ready quic.c:657 serv conn 0:85c0f3a0138f35ea ready to rx
        q_read quic.c:318 non-blocking read on serv conn 0:85c0f3a0138f35ea
        q_read quic.c:342 read 32 bytes on serv conn 0:85c0f3a0138f35ea strm 4
26.422   serve_cb server.c:110 conn 0:85c0f3a0138f35ea str 4 serving URL /5
         q_write quic.c:288 writing 5 bytes in 1 buf on serv conn 0:85c0f3a0138f35ea strm 4 
         tx conn.c:420 data TX on serv conn 0:85c0f3a0138f35ea strm -4 w/1 pkt in queue
26.422   log_pkt pkt.c:169 TX 0xff=Initial vers=0xff00000f dcid=000000000000000d scid=85c0f3a0138f35ea tok= len=274 nr=2
         enc_ack_frame frame.c:1167 ACK lg=0 delay=2622036 (20976288 usec) cnt=0 block=0 [0]
         enc_padding_frame frame.c:1095 PADDING len=90
         log_stream_or_crypto_frame frame.c:116 CRYPTO 0x18 off=0 len=155 [RTX] 
         on_pkt_sent recovery.c:285 in_flight=2286, cwnd=6000, ssthresh=6000, srtt=0.281837, rttvar=0.140919
         log_sent_pkts conn.c:227 epoch 0 unacked: *0 *1 *2 
         log_sent_pkts conn.c:227 epoch 2 unacked: *0 *1 *2 *3 
         tx conn.c:420 data TX on serv conn 0:85c0f3a0138f35ea strm -2 w/2 pkts in queue
26.422   log_pkt pkt.c:179 TX 0xfd=Handshake vers=0xff00000f dcid=000000000000000d scid=85c0f3a0138f35ea len=1228 nr=4
         enc_ack_frame frame.c:1167 ACK lg=0 delay=2599308 (20794464 usec) cnt=0 block=0 [0]
         enc_padding_frame frame.c:1095 PADDING len=91
         log_stream_or_crypto_frame frame.c:116 CRYPTO 0x18 off=0 len=1108 [RTX] 
         on_pkt_sent recovery.c:285 in_flight=3538, cwnd=6000, ssthresh=6000, srtt=0.281837, rttvar=0.140919
26.422   log_pkt pkt.c:179 TX 0xfd=Handshake vers=0xff00000f dcid=000000000000000d scid=85c0f3a0138f35ea len=412 nr=5
         enc_ack_frame frame.c:1167 ACK lg=0 delay=2599308 (20794464 usec) cnt=0 block=0 [0]
         enc_padding_frame frame.c:1095 PADDING len=90
         log_stream_or_crypto_frame frame.c:116 CRYPTO 0x18 off=1108 len=292 [RTX] 
         on_pkt_sent recovery.c:285 in_flight=3974, cwnd=6000, ssthresh=6000, srtt=0.281837, rttvar=0.140919
         log_sent_pkts conn.c:227 epoch 0 unacked: *0 *1 *2 
         log_sent_pkts conn.c:227 epoch 2 unacked: *0 *1 *2 *3 *4 *5 
         tx conn.c:420 data TX on serv conn 0:85c0f3a0138f35ea strm 4 w/1 pkt in queue
26.422   log_pkt pkt.c:187 TX 0x32=Short kyph=0 dcid=000000000000000d nr=1
         enc_ack_frame frame.c:1167 ACK lg=0 delay=2561768 (20494144 usec) cnt=0 block=0 [0]
         enc_max_stream_id_frame frame.c:1347 MAX_STREAM_ID max=8
         enc_padding_frame frame.c:1095 PADDING len=28
         log_stream_or_crypto_frame frame.c:111 STREAM 0x12=LEN id=4/8 off=0/8192 len=5 coff=0/16384 
         on_pkt_sent recovery.c:285 in_flight=4043, cwnd=6000, ssthresh=6000, srtt=0.281837, rttvar=0.140919
         tx_stream_data conn.c:312 cwnd limit 4043 reached (2020 + 6000 > 1433677289)
         log_sent_pkts conn.c:227 epoch 0 unacked: *0 *1 *2 
         log_sent_pkts conn.c:227 epoch 1/3 unacked: *1 
         log_sent_pkts conn.c:227 epoch 2 unacked: *0 *1 *2 *3 *4 *5 
         coalesce pkt.c:218 coalescing 0xfd len 436 behind 0xff len 299
         coalesce pkt.c:218 coalescing 0x32 len 69 behind 0xfd len 735
         idle_alarm conn.c:1150 idle timeout on serv conn 0:85c0f3a0138f35ea
         idle_alarm conn.c:1152 conn 0:85c0f3a0138f35ea state conn_estb -> conn_drng
         enter_closing conn.c:1133 closing/draining alarm in 1.409186 sec on serv conn 0:85c0f3a0138f35ea
26.423   log_pkt pkt.c:126 RX len=59 0xfd=Handshake vers=0xff00000f dcid=85c0f3a0138f35ea scid=000000000000000d len=51 nr=1
         dec_ack_frame frame.c:388 ACK lg=0 delay=0 (0 usec) cnt=0 block=0 [0]
         update_rtt recovery.c:319 in_flight=4043, cwnd=6000, ssthresh=6000, srtt=2.868644, rttvar=5.279303
         on_pkt_acked recovery.c:461 0 was RTX'ed as 4
         dec_ack_frame frame.c:388 ACK lg=1 delay=0 (0 usec) cnt=0 block=0 [1]
         update_rtt recovery.c:319 in_flight=4043, cwnd=6000, ssthresh=6000, srtt=5.132100, rttvar=8.486389
         on_pkt_acked recovery.c:461 1 was RTX'ed as 5
         dec_ack_frame frame.c:388 ACK lg=3 delay=0 (0 usec) cnt=0 block=0 [3]
         update_rtt recovery.c:319 in_flight=4043, cwnd=6000, ssthresh=6000, srtt=7.087586, rttvar=10.275763
         on_pkt_acked recovery.c:461 3 was RTX'ed as 5
         dec_frames frame.c:891 PADDING len=15
26.423   log_pkt pkt.c:126 RX len=49 0xfd=Handshake vers=0xff00000f dcid=85c0f3a0138f35ea scid=000000000000000d len=41 nr=3
         dec_ack_frame frame.c:388 ACK lg=2 delay=0 (0 usec) cnt=0 block=0 [2]
         update_rtt recovery.c:319 in_flight=4043, cwnd=6087, ssthresh=6000, srtt=8.798635, rttvar=11.128921
         on_pkt_acked recovery.c:461 2 was RTX'ed as 4
         dec_frames frame.c:891 PADDING len=15
26.423   log_pkt pkt.c:116 RX len=1216 0xff=Initial vers=0xff00000f dcid=85c0f3a0138f35ea scid=000000000000000d tok= len=1207 nr=4
         dec_ack_frame frame.c:388 ACK lg=0 delay=0 (0 usec) cnt=0 block=0 [0]
         update_rtt recovery.c:319 in_flight=4043, cwnd=6333, ssthresh=6000, srtt=10.320843, rttvar=11.391105
         on_pkt_acked recovery.c:461 0 was RTX'ed as 2
         dec_ack_frame frame.c:388 ACK lg=1 delay=0 (0 usec) cnt=0 block=0 [1]
         update_rtt recovery.c:319 in_flight=4043, cwnd=6333, ssthresh=6000, srtt=11.627735, rttvar=11.157114
         on_pkt_acked recovery.c:461 1 was RTX'ed as 2
         dec_frames frame.c:891 PADDING len=1176
         rx_pkts conn.c:921 pkt came from new peer 127.0.0.1:4987, probing
26.424   log_pkt pkt.c:134 RX len=34 0x30=Short kyph=0 dcid=85c0f3a0138f35ea nr=2
         log_stream_or_crypto_frame frame.c:111 STREAM 0x16=LEN|OFF id=4/8 off=32/16384 len=1 coff=33/32768 [seq]
         dec_frames frame.c:891 PADDING len=15
26.710   rx_pkts conn.c:921 pkt came from new peer 127.0.0.1:4988, probing
26.710   log_pkt pkt.c:134 RX len=34 0x30=Short kyph=0 dcid=85c0f3a0138f35ea nr=3
         dec_ack_frame frame.c:388 ACK lg=1 delay=0 (0 usec) cnt=0 block=0 [1]
         update_rtt recovery.c:319 in_flight=4043, cwnd=6333, ssthresh=6000, srtt=10.210313, rttvar=11.202680
         on_pkt_acked recovery.c:474 stream 4 fully acked
         on_pkt_acked recovery.c:477 q_write(s->c, s) done, exiting event loop
         dec_frames frame.c:891 PADDING len=15
         q_write quic.c:302 wrote 5 bytes on serv conn 0:85c0f3a0138f35ea strm 4 
195.094   serve_cb server.c:110 conn 0:85c0f3a0138f35ea str 4 serving URL /3
          q_write quic.c:288 writing 3 bytes in 1 buf on serv conn 0:85c0f3a0138f35ea strm 4 
195.095   tx conn.c:390 ABORT: assertion failed 
        c->state != conn_drng 
        must not TX while draining [errno 17 = File exists]
        /usr/lib/x86_64-linux-gnu/libasan.so.4(+0x558c0) [0x7ffff6e6f8c0]
        util_die at /home/mcmillan/projects/quant/Debug/external/warp-prefix/src/warp/lib/src/util.c:224
        tx at /home/mcmillan/projects/quant/lib/src/conn.c:392
        tx_w at /home/mcmillan/projects/quant/lib/src/conn.c:459
        /usr/lib/x86_64-linux-gnu/libev.so.4(ev_invoke_pending+0x53) [0x7ffff5fead73]
        /usr/lib/x86_64-linux-gnu/libev.so.4(ev_run+0x9ee) [0x7ffff5fee3de]
        do_write at /home/mcmillan/projects/quant/lib/src/quic.c:198 (discriminator 2)
        q_write at /home/mcmillan/projects/quant/lib/src/quic.c:300
        serve_cb at /home/mcmillan/projects/quant/bin/server.c:140
        /usr/local/lib/libhttp_parser.so.2.8(http_parser_execute+0x17b5) [0x7ffff6c11e4a]
        main at /home/mcmillan/projects/quant/bin/server.c:277
        /lib/x86_64-linux-gnu/libc.so.6(__libc_start_main+0xe7) [0x7ffff4ce1b97]
        _start at ??:?
